#-----------------------------------------------------------
# Webtalk v2018.2 (64-bit)
# SW Build 2258646 on Thu Jun 14 20:02:38 MDT 2018
# 
# Start of session at: Fri Dec  7 11:50:04 2018
# Process ID: 19672
# Current directory: /media/ramiro/1C3A84E93A84C16E/Fundacion/PPS/src/Verilog/Verification/MicroGPIO/SDK/webtalk
# Command line: wbtcv -mode batch -source sdk_webtalk.tcl
# Log file: /media/ramiro/1C3A84E93A84C16E/Fundacion/PPS/src/Verilog/Verification/MicroGPIO/SDK/webtalk/webtalk.log
# Journal file: /media/ramiro/1C3A84E93A84C16E/Fundacion/PPS/src/Verilog/Verification/MicroGPIO/SDK/webtalk/webtalk.jou
#-----------------------------------------------------------
source sdk_webtalk.tcl
# webtalk_init -webtalk_dir /media/ramiro/1C3A84E93A84C16E/Fundacion/PPS/src/Verilog/Verification/MicroGPIO/SDK/webtalk
# webtalk_register_client -client project
# webtalk_add_data -client project -key date_generated -value "2018-12-07 11:50:01" -context "software_version_and_target_device"
# webtalk_add_data -client project -key product_version -value "SDK v2018.2" -context "software_version_and_target_device"
# webtalk_add_data -client project -key build_version -value "2018.2" -context "software_version_and_target_device"
# webtalk_add_data -client project -key os_platform -value "amd64" -context "software_version_and_target_device"
# webtalk_add_data -client project -key registration_id -value "" -context "software_version_and_target_device"
# webtalk_add_data -client project -key tool_flow -value "SDK" -context "software_version_and_target_device"
# webtalk_add_data -client project -key beta -value "false" -context "software_version_and_target_device"
# webtalk_add_data -client project -key route_design -value "NA" -context "software_version_and_target_device"
# webtalk_add_data -client project -key target_family -value "NA" -context "software_version_and_target_device"
# webtalk_add_data -client project -key target_device -value "NA" -context "software_version_and_target_device"
# webtalk_add_data -client project -key target_package -value "NA" -context "software_version_and_target_device"
# webtalk_add_data -client project -key target_speed -value "NA" -context "software_version_and_target_device"
# webtalk_add_data -client project -key random_id -value "38jnp2ngoavg25c6c6o7k8h3ad" -context "software_version_and_target_device"
# webtalk_add_data -client project -key project_id -value "2018.2_1" -context "software_version_and_target_device"
# webtalk_add_data -client project -key project_iteration -value "1" -context "software_version_and_target_device"
# webtalk_add_data -client project -key os_name -value "Ubuntu" -context "user_environment"
# webtalk_add_data -client project -key os_release -value "Ubuntu 16.04.5 LTS" -context "user_environment"
# webtalk_add_data -client project -key cpu_name -value "Intel(R) Core(TM) i5-7200U CPU @ 2.50GHz" -context "user_environment"
# webtalk_add_data -client project -key cpu_speed -value "825.177 MHz" -context "user_environment"
# webtalk_add_data -client project -key total_processors -value "1" -context "user_environment"
# webtalk_add_data -client project -key system_ram -value "8,227 GB" -context "user_environment"
# webtalk_register_client -client sdk
# webtalk_add_data -client sdk -key uid -value "1544194137000" -context "sdk\\\\hardware/1544194137000"
# webtalk_add_data -client sdk -key isZynq -value "false" -context "sdk\\\\hardware/1544194137000"
# webtalk_add_data -client sdk -key isZynqMP -value "false" -context "sdk\\\\hardware/1544194137000"
# webtalk_add_data -client sdk -key Processors -value "1" -context "sdk\\\\hardware/1544194137000"
# webtalk_add_data -client sdk -key VivadoVersion -value "2018.2" -context "sdk\\\\hardware/1544194137000"
# webtalk_add_data -client sdk -key Arch -value "artix7" -context "sdk\\\\hardware/1544194137000"
# webtalk_add_data -client sdk -key Device -value "7a35t" -context "sdk\\\\hardware/1544194137000"
# webtalk_add_data -client sdk -key IsHandoff -value "true" -context "sdk\\\\hardware/1544194137000"
# webtalk_add_data -client sdk -key os -value "NA" -context "sdk\\\\hardware/1544194137000"
# webtalk_add_data -client sdk -key apptemplate -value "NA" -context "sdk\\\\hardware/1544194137000"
# webtalk_add_data -client sdk -key RecordType -value "HWCreation" -context "sdk\\\\hardware/1544194137000"
# webtalk_add_data -client sdk -key uid -value "NA" -context "sdk\\\\bsp/1544194201845"
# webtalk_add_data -client sdk -key RecordType -value "ToolUsage" -context "sdk\\\\bsp/1544194201845"
# webtalk_add_data -client sdk -key BootgenCount -value "0" -context "sdk\\\\bsp/1544194201845"
# webtalk_add_data -client sdk -key DebugCount -value "0" -context "sdk\\\\bsp/1544194201845"
# webtalk_add_data -client sdk -key PerfCount -value "0" -context "sdk\\\\bsp/1544194201845"
# webtalk_add_data -client sdk -key FlashCount -value "0" -context "sdk\\\\bsp/1544194201845"
# webtalk_add_data -client sdk -key CrossTriggCount -value "0" -context "sdk\\\\bsp/1544194201845"
# webtalk_add_data -client sdk -key QemuDebugCount -value "0" -context "sdk\\\\bsp/1544194201845"
# webtalk_transmit -clientid 3881649926 -regid "" -xml /media/ramiro/1C3A84E93A84C16E/Fundacion/PPS/src/Verilog/Verification/MicroGPIO/SDK/webtalk/usage_statistics_ext_sdk.xml -html /media/ramiro/1C3A84E93A84C16E/Fundacion/PPS/src/Verilog/Verification/MicroGPIO/SDK/webtalk/usage_statistics_ext_sdk.html -wdm /media/ramiro/1C3A84E93A84C16E/Fundacion/PPS/src/Verilog/Verification/MicroGPIO/SDK/webtalk/sdk_webtalk.wdm -intro "<H3>SDK Usage Report</H3><BR>"
INFO: [Common 17-186] '/media/ramiro/1C3A84E93A84C16E/Fundacion/PPS/src/Verilog/Verification/MicroGPIO/SDK/webtalk/usage_statistics_ext_sdk.xml' has been successfully sent to Xilinx on Fri Dec  7 11:50:10 2018. For additional details about this file, please refer to the WebTalk help file at /media/ramiro/1C3A84E93A84C16E/Vivado/SDK/2018.2/doc/webtalk_introduction.html.
webtalk_transmit: Time (s): cpu = 00:00:00.83 ; elapsed = 00:00:07 . Memory (MB): peak = 299.277 ; gain = 0.000 ; free physical = 2910 ; free virtual = 5927
# webtalk_terminate
INFO: [Common 17-206] Exiting Webtalk at Fri Dec  7 11:50:10 2018...
